{"timestamp":"2026-03-03T13:28:44Z","level":"INFO","message":"Logger inizializzato","source":"logger.go:86","data":{"level":"INFO","log_dir":"logs","log_file":"logs\\qr-menu-2026-03-03.log"}}
{"timestamp":"2026-03-03T13:28:44Z","level":"INFO","message":"Starting QR Menu System initialization","source":"initializer.go:76","data":{"version":"2.0.0"}}
{"timestamp":"2026-03-03T13:28:44Z","level":"INFO","message":"Analytics caricate","source":"analytics.go:392","data":{"restaurants":1}}
{"timestamp":"2026-03-03T13:28:44Z","level":"INFO","message":"Backup manager inizializzato","source":"backup.go:84","data":{"compress":true,"max_backups":30,"path":"backups"}}
{"timestamp":"2026-03-03T13:28:44Z","level":"INFO","message":"Backup scheduler avviato","source":"backup.go:106","data":{"next_backup":"2026-03-04T02:00:00+01:00","schedule":"daily"}}
{"timestamp":"2026-03-03T13:28:44Z","level":"INFO","message":"Notification manager inizializzato","source":"notifications.go:149","data":{"max_retries":3,"queue_size":100}}
{"timestamp":"2026-03-03T13:28:44Z","level":"INFO","message":"Notification workers avviati","source":"notifications.go:172","data":{"workers":3}}
{"timestamp":"2026-03-03T13:28:44Z","level":"WARN","message":"Errore caricamento traduzione","source":"localization.go:188","data":{"error":"errore lettura file traduzione: open translations\\es.json: The system cannot find the file specified.","locale":"es"}}
{"timestamp":"2026-03-03T13:28:44Z","level":"WARN","message":"Errore caricamento traduzione","source":"localization.go:188","data":{"error":"errore lettura file traduzione: open translations\\de.json: The system cannot find the file specified.","locale":"de"}}
{"timestamp":"2026-03-03T13:28:44Z","level":"WARN","message":"Errore caricamento traduzione","source":"localization.go:188","data":{"error":"errore lettura file traduzione: open translations\\pt.json: The system cannot find the file specified.","locale":"pt"}}
{"timestamp":"2026-03-03T13:28:44Z","level":"WARN","message":"Errore caricamento traduzione","source":"localization.go:188","data":{"error":"errore lettura file traduzione: open translations\\ja.json: The system cannot find the file specified.","locale":"ja"}}
{"timestamp":"2026-03-03T13:28:44Z","level":"WARN","message":"Errore caricamento traduzione","source":"localization.go:188","data":{"error":"errore lettura file traduzione: open translations\\zh.json: The system cannot find the file specified.","locale":"zh"}}
{"timestamp":"2026-03-03T13:28:44Z","level":"WARN","message":"Errore caricamento traduzione","source":"localization.go:188","data":{"error":"errore lettura file traduzione: open translations\\ar.json: The system cannot find the file specified.","locale":"ar"}}
{"timestamp":"2026-03-03T13:28:44Z","level":"INFO","message":"Localization manager inizializzato","source":"localization.go:196","data":{"default_locale":"it","supported_locales":"it, en, fr, es, de, pt, ja, zh, ar","translation_path":"translations"}}
{"timestamp":"2026-03-03T13:28:44Z","level":"INFO","message":"Manifest.json generato","source":"pwa.go:225","data":{"path":"static\\manifest.json"}}
{"timestamp":"2026-03-03T13:28:44Z","level":"INFO","message":"Service Worker generato","source":"pwa.go:438","data":{"path":"static\\service-worker.js"}}
{"timestamp":"2026-03-03T13:28:44Z","level":"INFO","message":"PWA manager inizializzato","source":"pwa.go:118","data":{"app_name":"QR Menu System","app_short_name":"QR Menu","scope":"/","start_url":"/"}}
{"timestamp":"2026-03-03T13:28:44Z","level":"INFO","message":"Migration manager inizializzato","source":"migration.go:270","data":{"database_type":"postgres","migrations_path":"db/migrations","total":5}}
{"timestamp":"2026-03-03T13:28:44Z","level":"INFO","message":"Pulizia log completata","source":"logger.go:283","data":{"days_kept":30,"files_deleted":0}}
{"timestamp":"2026-03-03T13:28:44Z","level":"INFO","message":"All services initialized successfully","source":"initializer.go:150","data":{"analytics":true,"backup":true,"database":false,"localization":true,"notifications":true,"pwa":true,"security":true}}
{"timestamp":"2026-03-03T13:28:44Z","level":"INFO","message":"QR Menu System ready","source":"main.go:55","data":{"admin_url":"http://localhost:8080/admin","api_docs":"http://localhost:8080/api/v1/docs","api_health":"http://localhost:8080/api/v1/health","login_url":"http://localhost:8080/login","port":"8080"}}
